ISim log file
Running: C:\Users\Ricardo\Xilinx\aps03_divisao_generate\tb_divisao_isim_beh.exe -intstyle ise -gui -tclbatch isim.cmd -wdb C:/Users/Ricardo/Xilinx/aps03_divisao_generate/tb_divisao_isim_beh.wdb 
ISim P.20131013 (signature 0x7708f090)
WARNING: A WEBPACK license was found.
WARNING: Please use Xilinx License Configuration Manager to check out a full ISim license.
WARNING: ISim will run in Lite mode. Please refer to the ISim documentation for more information on the differences between the Lite and the Full version.
This is a Lite version of ISim.
Time resolution is 1 ps
# onerror resume
# wave add /
# run 640 ns
Simulator is doing circuit initialization process.
Finished circuit initialization process.
at 40 ns, Instance /tb_divisao/ : Warning: NUMERIC_STD.TO_SIGNED: vector truncated
at 50 ns, Instance /tb_divisao/ : Warning: NUMERIC_STD.TO_SIGNED: vector truncated
at 60 ns, Instance /tb_divisao/ : Warning: NUMERIC_STD.TO_SIGNED: vector truncated
at 70 ns, Instance /tb_divisao/ : Warning: NUMERIC_STD.TO_SIGNED: vector truncated
at 120 ns, Instance /tb_divisao/ : Warning: NUMERIC_STD.TO_SIGNED: vector truncated
at 130 ns, Instance /tb_divisao/ : Warning: NUMERIC_STD.TO_SIGNED: vector truncated
at 140 ns, Instance /tb_divisao/ : Warning: NUMERIC_STD.TO_SIGNED: vector truncated
at 150 ns, Instance /tb_divisao/ : Warning: NUMERIC_STD.TO_SIGNED: vector truncated
at 200 ns, Instance /tb_divisao/ : Warning: NUMERIC_STD.TO_SIGNED: vector truncated
at 210 ns, Instance /tb_divisao/ : Warning: NUMERIC_STD.TO_SIGNED: vector truncated
at 220 ns, Instance /tb_divisao/ : Warning: NUMERIC_STD.TO_SIGNED: vector truncated
at 230 ns, Instance /tb_divisao/ : Warning: NUMERIC_STD.TO_SIGNED: vector truncated
at 280 ns, Instance /tb_divisao/ : Warning: NUMERIC_STD.TO_SIGNED: vector truncated
at 290 ns, Instance /tb_divisao/ : Warning: NUMERIC_STD.TO_SIGNED: vector truncated
at 300 ns, Instance /tb_divisao/ : Warning: NUMERIC_STD.TO_SIGNED: vector truncated
at 310 ns, Instance /tb_divisao/ : Warning: NUMERIC_STD.TO_SIGNED: vector truncated
at 320 ns, Instance /tb_divisao/ : Warning: NUMERIC_STD.TO_SIGNED: vector truncated
at 330 ns, Instance /tb_divisao/ : Warning: NUMERIC_STD.TO_SIGNED: vector truncated
at 340 ns, Instance /tb_divisao/ : Warning: NUMERIC_STD.TO_SIGNED: vector truncated
at 350 ns, Instance /tb_divisao/ : Warning: NUMERIC_STD.TO_SIGNED: vector truncated
at 360 ns, Instance /tb_divisao/ : Warning: NUMERIC_STD.TO_SIGNED: vector truncated
at 360 ns, Instance /tb_divisao/ : Warning: NUMERIC_STD.TO_SIGNED: vector truncated
at 370 ns, Instance /tb_divisao/ : Warning: NUMERIC_STD.TO_SIGNED: vector truncated
at 370 ns, Instance /tb_divisao/ : Warning: NUMERIC_STD.TO_SIGNED: vector truncated
at 380 ns, Instance /tb_divisao/ : Warning: NUMERIC_STD.TO_SIGNED: vector truncated
at 380 ns, Instance /tb_divisao/ : Warning: NUMERIC_STD.TO_SIGNED: vector truncated
at 390 ns, Instance /tb_divisao/ : Warning: NUMERIC_STD.TO_SIGNED: vector truncated
at 390 ns, Instance /tb_divisao/ : Warning: NUMERIC_STD.TO_SIGNED: vector truncated
at 400 ns, Instance /tb_divisao/ : Warning: NUMERIC_STD.TO_SIGNED: vector truncated
at 410 ns, Instance /tb_divisao/ : Warning: NUMERIC_STD.TO_SIGNED: vector truncated
at 420 ns, Instance /tb_divisao/ : Warning: NUMERIC_STD.TO_SIGNED: vector truncated
at 430 ns, Instance /tb_divisao/ : Warning: NUMERIC_STD.TO_SIGNED: vector truncated
at 440 ns, Instance /tb_divisao/ : Warning: NUMERIC_STD.TO_SIGNED: vector truncated
at 440 ns, Instance /tb_divisao/ : Warning: NUMERIC_STD.TO_SIGNED: vector truncated
at 450 ns, Instance /tb_divisao/ : Warning: NUMERIC_STD.TO_SIGNED: vector truncated
at 450 ns, Instance /tb_divisao/ : Warning: NUMERIC_STD.TO_SIGNED: vector truncated
at 460 ns, Instance /tb_divisao/ : Warning: NUMERIC_STD.TO_SIGNED: vector truncated
at 460 ns, Instance /tb_divisao/ : Warning: NUMERIC_STD.TO_SIGNED: vector truncated
at 470 ns, Instance /tb_divisao/ : Warning: NUMERIC_STD.TO_SIGNED: vector truncated
at 470 ns, Instance /tb_divisao/ : Warning: NUMERIC_STD.TO_SIGNED: vector truncated
at 480 ns, Instance /tb_divisao/ : Warning: NUMERIC_STD.TO_SIGNED: vector truncated
at 490 ns, Instance /tb_divisao/ : Warning: NUMERIC_STD.TO_SIGNED: vector truncated
at 500 ns, Instance /tb_divisao/ : Warning: NUMERIC_STD.TO_SIGNED: vector truncated
at 510 ns, Instance /tb_divisao/ : Warning: NUMERIC_STD.TO_SIGNED: vector truncated
at 520 ns, Instance /tb_divisao/ : Warning: NUMERIC_STD.TO_SIGNED: vector truncated
at 520 ns, Instance /tb_divisao/ : Warning: NUMERIC_STD.TO_SIGNED: vector truncated
at 530 ns, Instance /tb_divisao/ : Warning: NUMERIC_STD.TO_SIGNED: vector truncated
at 530 ns, Instance /tb_divisao/ : Warning: NUMERIC_STD.TO_SIGNED: vector truncated
at 540 ns, Instance /tb_divisao/ : Warning: NUMERIC_STD.TO_SIGNED: vector truncated
at 540 ns, Instance /tb_divisao/ : Warning: NUMERIC_STD.TO_SIGNED: vector truncated
at 550 ns, Instance /tb_divisao/ : Warning: NUMERIC_STD.TO_SIGNED: vector truncated
at 550 ns, Instance /tb_divisao/ : Warning: NUMERIC_STD.TO_SIGNED: vector truncated
at 560 ns, Instance /tb_divisao/ : Warning: NUMERIC_STD.TO_SIGNED: vector truncated
at 570 ns, Instance /tb_divisao/ : Warning: NUMERIC_STD.TO_SIGNED: vector truncated
at 580 ns, Instance /tb_divisao/ : Warning: NUMERIC_STD.TO_SIGNED: vector truncated
at 590 ns, Instance /tb_divisao/ : Warning: NUMERIC_STD.TO_SIGNED: vector truncated
at 600 ns, Instance /tb_divisao/ : Warning: NUMERIC_STD.TO_SIGNED: vector truncated
at 600 ns, Instance /tb_divisao/ : Warning: NUMERIC_STD.TO_SIGNED: vector truncated
at 610 ns, Instance /tb_divisao/ : Warning: NUMERIC_STD.TO_SIGNED: vector truncated
at 610 ns, Instance /tb_divisao/ : Warning: NUMERIC_STD.TO_SIGNED: vector truncated
at 620 ns, Instance /tb_divisao/ : Warning: NUMERIC_STD.TO_SIGNED: vector truncated
at 620 ns, Instance /tb_divisao/ : Warning: NUMERIC_STD.TO_SIGNED: vector truncated
at 630 ns, Instance /tb_divisao/ : Warning: NUMERIC_STD.TO_SIGNED: vector truncated
at 630 ns, Instance /tb_divisao/ : Warning: NUMERIC_STD.TO_SIGNED: vector truncated
