--------------------------------------------------------------------------------
Release 14.7 Trace  (nt64)
Copyright (c) 1995-2013 Xilinx, Inc.  All rights reserved.

C:\Xilinx\14.7\ISE_DS\ISE\bin\nt64\unwrapped\trce.exe -intstyle ise -v 3 -s 5
-n 3 -fastpaths -xml top04.twx top04.ncd -o top04.twr top04.pcf -ucf
portmap04.ucf

Design file:              top04.ncd
Physical constraint file: top04.pcf
Device,package,speed:     xc3s100e,cp132,-5 (PRODUCTION 1.27 2013-10-13)
Report level:             verbose report

Environment Variable      Effect 
--------------------      ------ 
NONE                      No environment variables were set
--------------------------------------------------------------------------------

INFO:Timing:2698 - No timing constraints found, doing default enumeration.
INFO:Timing:3412 - To improve timing, see the Timing Closure User Guide (UG612).
INFO:Timing:2752 - To get complete path coverage, use the unconstrained paths 
   option. All paths that are not constrained will be reported in the 
   unconstrained paths section(s) of the report.
INFO:Timing:3339 - The clock-to-out numbers in this timing report are based on 
   a 50 Ohm transmission line loading model.  For the details of this model, 
   and for more information on accounting for different loading conditions, 
   please see the device datasheet.
INFO:Timing:3390 - This architecture does not support a default System Jitter 
   value, please add SYSTEM_JITTER constraint to the UCF to modify the Clock 
   Uncertainty calculation.
INFO:Timing:3389 - This architecture does not support 'Discrete Jitter' and 
   'Phase Error' calculations, these terms will be zero in the Clock 
   Uncertainty calculation.  Please make appropriate modification to 
   SYSTEM_JITTER to account for the unsupported Discrete Jitter and Phase 
   Error.



Data Sheet report:
-----------------
All values displayed in nanoseconds (ns)

Setup/Hold to clock mclk
------------+------------+------------+------------------+--------+
            |Max Setup to|Max Hold to |                  | Clock  |
Source      | clk (edge) | clk (edge) |Internal Clock(s) | Phase  |
------------+------------+------------+------------------+--------+
reset       |    0.979(R)|    0.947(R)|mclk_BUFGP        |   0.000|
------------+------------+------------+------------------+--------+

Clock mclk to Pad
------------+------------+------------------+--------+
            | clk (edge) |                  | Clock  |
Destination |   to PAD   |Internal Clock(s) | Phase  |
------------+------------+------------------+--------+
anodos<0>   |   10.271(R)|mclk_BUFGP        |   0.000|
anodos<1>   |    9.894(R)|mclk_BUFGP        |   0.000|
anodos<2>   |    9.667(R)|mclk_BUFGP        |   0.000|
anodos<3>   |    9.413(R)|mclk_BUFGP        |   0.000|
aux4<0>     |   10.260(R)|mclk_BUFGP        |   0.000|
aux4<1>     |   10.461(R)|mclk_BUFGP        |   0.000|
aux4<2>     |   10.540(R)|mclk_BUFGP        |   0.000|
aux4<3>     |   10.191(R)|mclk_BUFGP        |   0.000|
catodos<1>  |    7.494(R)|mclk_BUFGP        |   0.000|
catodos<2>  |    9.925(R)|mclk_BUFGP        |   0.000|
catodos<3>  |    9.810(R)|mclk_BUFGP        |   0.000|
catodos<4>  |    9.673(R)|mclk_BUFGP        |   0.000|
catodos<6>  |   10.141(R)|mclk_BUFGP        |   0.000|
------------+------------+------------------+--------+

Clock to Setup on destination clock mclk
---------------+---------+---------+---------+---------+
               | Src:Rise| Src:Fall| Src:Rise| Src:Fall|
Source Clock   |Dest:Rise|Dest:Rise|Dest:Fall|Dest:Fall|
---------------+---------+---------+---------+---------+
mclk           |    7.552|         |         |         |
---------------+---------+---------+---------+---------+


Analysis completed Fri Dec 13 14:41:51 2019 
--------------------------------------------------------------------------------

Trace Settings:
-------------------------
Trace Settings 

Peak Memory Usage: 4504 MB



