Command line:
   tb_mux_isim_beh.exe
     -simmode  gui
     -simrunnum  1
     -socket  49958

Mon Sep 02 18:59:23 2019


 Elaboration Time: 0.0625 sec


 Current Memory Usage: 5160.52 Meg

 Total Signals          : 32
 Total Nets             : 20
 Total Signal Drivers   : 20
 Total Blocks           : 3
 Total Primitive Blocks : 2
 Total Processes        : 10
 Total Traceable Variables  : 8
 Total Scalar Nets and Variables : 380
Total Line Count : 15

 Total Simulation Time: 0.078125 sec

 Current Memory Usage: 5003.24 Meg

Mon Sep 02 19:01:32 2019

