Release 14.7 - xst P.20131013 (nt64)
Copyright (c) 1995-2013 Xilinx, Inc.  All rights reserved.
--> Parameter TMPDIR set to xst/projnav.tmp


Total REAL time to Xst completion: 0.00 secs
Total CPU time to Xst completion: 0.13 secs
 
--> Parameter xsthdpdir set to xst


Total REAL time to Xst completion: 0.00 secs
Total CPU time to Xst completion: 0.13 secs
 
--> Reading design: divisao.prj

TABLE OF CONTENTS
  1) Synthesis Options Summary
  2) HDL Compilation
  3) Design Hierarchy Analysis
  4) HDL Analysis
  5) HDL Synthesis
     5.1) HDL Synthesis Report
  6) Advanced HDL Synthesis
     6.1) Advanced HDL Synthesis Report
  7) Low Level Synthesis
  8) Partition Report
  9) Final Report
	9.1) Device utilization summary
	9.2) Partition Resource Summary
	9.3) TIMING REPORT


=========================================================================
*                      Synthesis Options Summary                        *
=========================================================================
---- Source Parameters
Input File Name                    : "divisao.prj"
Input Format                       : mixed
Ignore Synthesis Constraint File   : NO

---- Target Parameters
Output File Name                   : "divisao"
Output Format                      : NGC
Target Device                      : xc3s100e-5-cp132

---- Source Options
Top Module Name                    : divisao
Automatic FSM Extraction           : YES
FSM Encoding Algorithm             : Auto
Safe Implementation                : No
FSM Style                          : LUT
RAM Extraction                     : Yes
RAM Style                          : Auto
ROM Extraction                     : Yes
Mux Style                          : Auto
Decoder Extraction                 : YES
Priority Encoder Extraction        : Yes
Shift Register Extraction          : YES
Logical Shifter Extraction         : YES
XOR Collapsing                     : YES
ROM Style                          : Auto
Mux Extraction                     : Yes
Resource Sharing                   : YES
Asynchronous To Synchronous        : NO
Multiplier Style                   : Auto
Automatic Register Balancing       : No

---- Target Options
Add IO Buffers                     : YES
Global Maximum Fanout              : 100000
Add Generic Clock Buffer(BUFG)     : 24
Register Duplication               : YES
Slice Packing                      : YES
Optimize Instantiated Primitives   : NO
Use Clock Enable                   : Yes
Use Synchronous Set                : Yes
Use Synchronous Reset              : Yes
Pack IO Registers into IOBs        : Auto
Equivalent register Removal        : YES

---- General Options
Optimization Goal                  : Speed
Optimization Effort                : 1
Keep Hierarchy                     : No
Netlist Hierarchy                  : As_Optimized
RTL Output                         : Yes
Global Optimization                : AllClockNets
Read Cores                         : YES
Write Timing Constraints           : NO
Cross Clock Analysis               : NO
Hierarchy Separator                : /
Bus Delimiter                      : <>
Case Specifier                     : Maintain
Slice Utilization Ratio            : 100
BRAM Utilization Ratio             : 100
Verilog 2001                       : YES
Auto BRAM Packing                  : NO
Slice Utilization Ratio Delta      : 5

=========================================================================


=========================================================================
*                          HDL Compilation                              *
=========================================================================
Compiling vhdl file "C:/Users/Ricardo/Xilinx/aps02_divisao/divisao.vhd" in Library work.
Entity <divisao> compiled.
Entity <divisao> (Architecture <ent>) compiled.

=========================================================================
*                     Design Hierarchy Analysis                         *
=========================================================================
Analyzing hierarchy for entity <divisao> in library <work> (architecture <ent>) with generics.
	N = 3


=========================================================================
*                            HDL Analysis                               *
=========================================================================
Analyzing generic Entity <divisao> in library <work> (Architecture <ent>).
	N = 3
Entity <divisao> analyzed. Unit <divisao> generated.


=========================================================================
*                           HDL Synthesis                               *
=========================================================================

Performing bidirectional port resolution...

Synthesizing Unit <divisao>.
    Related source file is "C:/Users/Ricardo/Xilinx/aps02_divisao/divisao.vhd".
WARNING:Xst:643 - "C:/Users/Ricardo/Xilinx/aps02_divisao/divisao.vhd" line 19: The result of a 32x3-bit multiplication is partially used. Only the 32 least significant bits are used. If you are doing this on purpose, you may safely ignore this warning. Otherwise, make sure you are not losing information, leading to unexpected circuit behavior.
WARNING:Xst:643 - "C:/Users/Ricardo/Xilinx/aps02_divisao/divisao.vhd" line 27: The result of a 32x32-bit multiplication is partially used. Only the 32 least significant bits are used. If you are doing this on purpose, you may safely ignore this warning. Otherwise, make sure you are not losing information, leading to unexpected circuit behavior.
    Found 32x3-bit multiplier for signal <$mult0000> created at line 19.
    Found 32x32-bit multiplier for signal <$mult0001> created at line 27.
    Found 32-bit adder for signal <sai1$add0000> created at line 19.
    Found 32-bit adder for signal <sai1$add0001> created at line 19.
    Found 32-bit adder for signal <sai1$add0002> created at line 19.
    Found 32-bit adder for signal <sai1$addsub0000> created at line 19.
    Found 32-bit adder for signal <sai1$addsub0001> created at line 19.
    Found 32-bit adder for signal <sai1$addsub0002> created at line 19.
    Found 32-bit comparator equal for signal <sai1$cmp_eq0001> created at line 19.
    Found 32-bit comparator equal for signal <sai1$cmp_eq0003> created at line 19.
    Found 32-bit comparator equal for signal <sai1$cmp_eq0004> created at line 19.
    Found 32-bit comparator equal for signal <sai1$cmp_eq0005> created at line 19.
    Found 32-bit comparator equal for signal <sai1$cmp_eq0006> created at line 19.
    Found 32-bit comparator equal for signal <sai1$cmp_eq0007> created at line 19.
    Found 32-bit comparator equal for signal <sai1$cmp_eq0008> created at line 19.
    Found 32-bit comparator equal for signal <sai1$cmp_eq0009> created at line 19.
    Found 32-bit comparator equal for signal <sai1$cmp_eq0010> created at line 19.
    Found 32-bit comparator less for signal <sai1$cmp_lt0000> created at line 19.
    Found 32-bit adder for signal <sai2$addsub0000> created at line 27.
    Found 32-bit adder for signal <sai2$addsub0001> created at line 27.
    Found 32-bit comparator equal for signal <sai2$cmp_eq0000> created at line 27.
    Found 32-bit comparator equal for signal <sai2$cmp_eq0001> created at line 27.
    Found 32-bit comparator equal for signal <sai2$cmp_eq0002> created at line 27.
    Found 32-bit comparator lessequal for signal <sai2$cmp_le0000> created at line 27.
    Summary:
	inferred   8 Adder/Subtractor(s).
	inferred   2 Multiplier(s).
	inferred  14 Comparator(s).
Unit <divisao> synthesized.


=========================================================================
HDL Synthesis Report

Macro Statistics
# Multipliers                                          : 2
 32x3-bit multiplier                                   : 1
 32x32-bit multiplier                                  : 1
# Adders/Subtractors                                   : 8
 32-bit adder                                          : 8
# Comparators                                          : 14
 32-bit comparator equal                               : 12
 32-bit comparator less                                : 1
 32-bit comparator lessequal                           : 1

=========================================================================

=========================================================================
*                       Advanced HDL Synthesis                          *
=========================================================================


=========================================================================
Advanced HDL Synthesis Report

Macro Statistics
# Multipliers                                          : 2
 32x3-bit multiplier                                   : 1
 4x4-bit multiplier                                    : 1
# Adders/Subtractors                                   : 8
 32-bit adder                                          : 8
# Comparators                                          : 14
 32-bit comparator equal                               : 12
 32-bit comparator less                                : 1
 32-bit comparator lessequal                           : 1

=========================================================================

=========================================================================
*                         Low Level Synthesis                           *
=========================================================================

Optimizing unit <divisao> ...

Mapping all equations...
Building and optimizing final netlist ...
Found area constraint ratio of 100 (+ 5) on block divisao, actual ratio is 2.

Final Macro Processing ...

=========================================================================
Final Register Report

Found no macro
=========================================================================

=========================================================================
*                           Partition Report                            *
=========================================================================

Partition Implementation Status
-------------------------------

  No Partitions were found in this design.

-------------------------------

=========================================================================
*                            Final Report                               *
=========================================================================
Final Results
RTL Top Level Output File Name     : divisao.ngr
Top Level Output File Name         : divisao
Output Format                      : NGC
Optimization Goal                  : Speed
Keep Hierarchy                     : No

Design Statistics
# IOs                              : 12

Cell Usage :
# BELS                             : 29
#      GND                         : 1
#      LUT2                        : 3
#      LUT3                        : 2
#      LUT4                        : 17
#      MUXF5                       : 6
# IO Buffers                       : 12
#      IBUF                        : 6
#      OBUF                        : 6
=========================================================================

Device utilization summary:
---------------------------

Selected Device : 3s100ecp132-5 

 Number of Slices:                       13  out of    960     1%  
 Number of 4 input LUTs:                 22  out of   1920     1%  
 Number of IOs:                          12
 Number of bonded IOBs:                  12  out of     83    14%  

---------------------------
Partition Resource Summary:
---------------------------

  No Partitions were found in this design.

---------------------------


=========================================================================
TIMING REPORT

NOTE: THESE TIMING NUMBERS ARE ONLY A SYNTHESIS ESTIMATE.
      FOR ACCURATE TIMING INFORMATION PLEASE REFER TO THE TRACE REPORT
      GENERATED AFTER PLACE-and-ROUTE.

Clock Information:
------------------
No clock signals found in this design

Asynchronous Control Signals Information:
----------------------------------------
No asynchronous control signals found in this design

Timing Summary:
---------------
Speed Grade: -5

   Minimum period: No path found
   Minimum input arrival time before clock: No path found
   Maximum output required time after clock: No path found
   Maximum combinational path delay: 8.508ns

Timing Detail:
--------------
All values displayed in nanoseconds (ns)

=========================================================================
Timing constraint: Default path analysis
  Total number of paths / destination ports: 76 / 6
-------------------------------------------------------------------------
Delay:               8.508ns (Levels of Logic = 6)
  Source:            ent2<0> (PAD)
  Destination:       sai1<0> (PAD)

  Data Path: ent2<0> to sai1<0>
                                Gate     Net
    Cell:in->out      fanout   Delay   Delay  Logical Name (Net Name)
    ----------------------------------------  ------------
     IBUF:I->O            13   1.106   0.866  ent2_0_IBUF (Madd_sai1_add0000_cy<0>)
     LUT4:I2->O            1   0.612   0.000  sai1<0>861 (sai1<0>861)
     MUXF5:I1->O           1   0.278   0.509  sai1<0>86_f5 (sai1<0>86)
     LUT4:I0->O            1   0.612   0.387  sai1<0>145 (sai1<0>145)
     LUT4:I2->O            1   0.612   0.357  sai1<0>161 (sai1_0_OBUF)
     OBUF:I->O                 3.169          sai1_0_OBUF (sai1<0>)
    ----------------------------------------
    Total                      8.508ns (6.389ns logic, 2.119ns route)
                                       (75.1% logic, 24.9% route)

=========================================================================


Total REAL time to Xst completion: 7.00 secs
Total CPU time to Xst completion: 7.64 secs
 
--> 

Total memory usage is 266072 kilobytes

Number of errors   :    0 (   0 filtered)
Number of warnings :    2 (   0 filtered)
Number of infos    :    0 (   0 filtered)

